{
  "RSpec": {
    "coverage": {
      "/Users/felixharrison/Projects/week11/ensemble/app/models/user.rb": [
        1,
        null,
        null,
        1,
        1,
        1,
        null,
        null,
        null,
        1,
        0,
        0,
        0,
        0,
        0,
        null,
        null,
        null,
        null,
        null,
        1,
        0,
        0,
        0,
        null,
        null,
        null,
        null
      ],
      "/Users/felixharrison/Projects/week11/ensemble/app/models/application_record.rb": [
        1,
        1,
        null
      ],
      "/Users/felixharrison/Projects/week11/ensemble/app/helpers/application_helper.rb": [
        1,
        null
      ],
      "/Users/felixharrison/Projects/week11/ensemble/app/helpers/branches_helper.rb": [
        1,
        null
      ],
      "/Users/felixharrison/Projects/week11/ensemble/app/helpers/comments_helper.rb": [
        1,
        null
      ],
      "/Users/felixharrison/Projects/week11/ensemble/app/helpers/ensemble_helper.rb": [
        1,
        null
      ],
      "/Users/felixharrison/Projects/week11/ensemble/app/helpers/projects_helper.rb": [
        1,
        null
      ],
      "/Users/felixharrison/Projects/week11/ensemble/app/helpers/tracks_helper.rb": [
        1,
        null
      ],
      "/Users/felixharrison/Projects/week11/ensemble/app/controllers/branches_controller.rb": [
        1,
        null,
        1,
        0,
        null,
        null,
        1,
        3,
        3,
        3,
        3,
        3,
        null,
        null,
        1,
        5,
        null,
        null,
        1,
        null,
        1,
        3,
        null,
        null,
        null
      ],
      "/Users/felixharrison/Projects/week11/ensemble/app/controllers/application_controller.rb": [
        1,
        1,
        1,
        null
      ],
      "/Users/felixharrison/Projects/week11/ensemble/app/controllers/comments_controller.rb": [
        1,
        null,
        null,
        1,
        0,
        null,
        null,
        1,
        2,
        1,
        null,
        1,
        null,
        2,
        2,
        2,
        2,
        2,
        null,
        0,
        null,
        2,
        null,
        null,
        1,
        null,
        1,
        2,
        null,
        null,
        null
      ],
      "/Users/felixharrison/Projects/week11/ensemble/app/controllers/ensemble_controller.rb": [
        1,
        1,
        null,
        null
      ],
      "/Users/felixharrison/Projects/week11/ensemble/app/controllers/projects_controller.rb": [
        1,
        1,
        null,
        1,
        1,
        null,
        null,
        1,
        9,
        null,
        null,
        1,
        9,
        9,
        8,
        null,
        1,
        null,
        9,
        null,
        null,
        1,
        11,
        null,
        null,
        1,
        3,
        3,
        3,
        null,
        null,
        1,
        null,
        1,
        9,
        null,
        null,
        null
      ],
      "/Users/felixharrison/Projects/week11/ensemble/app/controllers/tracks_controller.rb": [
        1,
        null,
        1,
        0,
        null,
        null,
        1,
        null,
        null,
        1,
        5,
        4,
        null,
        1,
        null,
        null,
        5,
        5,
        5,
        4,
        null,
        1,
        null,
        5,
        null,
        null,
        1,
        3,
        3,
        null,
        0,
        null,
        null,
        3,
        3,
        3,
        null,
        null,
        1,
        null,
        1,
        5,
        null,
        null,
        1,
        0,
        null,
        null
      ],
      "/Users/felixharrison/Projects/week11/ensemble/app/models/project.rb": [
        1,
        null,
        1,
        1,
        1,
        1,
        null
      ],
      "/Users/felixharrison/Projects/week11/ensemble/app/models/track.rb": [
        1,
        1,
        1,
        1,
        null
      ],
      "/Users/felixharrison/Projects/week11/ensemble/app/uploaders/avatar_uploader.rb": [
        null,
        null,
        null,
        1,
        null,
        null,
        null,
        null,
        null,
        null,
        1,
        null,
        null,
        null,
        null,
        null,
        null,
        null,
        null,
        null,
        null,
        null,
        null,
        null,
        null,
        null,
        null,
        null,
        null,
        null,
        null,
        null,
        null,
        null,
        null,
        null,
        null,
        null,
        null,
        null,
        null,
        null,
        null,
        null,
        null,
        null,
        null,
        null,
        null,
        null,
        null,
        null
      ],
      "/Users/felixharrison/Projects/week11/ensemble/app/models/comment.rb": [
        1,
        1,
        1,
        null
      ],
      "/Users/felixharrison/Projects/week11/ensemble/app/models/branch.rb": [
        1,
        1,
        1,
        1,
        1,
        null
      ],
      "/Users/felixharrison/Projects/week11/ensemble/app/channels/application_cable/channel.rb": [
        0,
        0,
        0,
        0
      ],
      "/Users/felixharrison/Projects/week11/ensemble/app/channels/application_cable/connection.rb": [
        0,
        0,
        0,
        0
      ],
      "/Users/felixharrison/Projects/week11/ensemble/app/controllers/users/omniauth_callbacks_controller.rb": [
        0,
        0,
        0,
        0,
        0,
        0,
        0,
        0,
        0,
        0,
        0,
        0,
        0,
        0,
        0,
        0,
        0,
        0,
        0
      ],
      "/Users/felixharrison/Projects/week11/ensemble/app/jobs/application_job.rb": [
        0,
        0
      ],
      "/Users/felixharrison/Projects/week11/ensemble/app/mailers/application_mailer.rb": [
        0,
        0,
        0,
        0
      ]
    },
    "timestamp": 1481280090
  }
}
