{
  "RSpec": {
    "coverage": {
      "/Users/LaurentBo/Documents/Makers Challenges/Week11/ensemble/spec/controllers/ensemble_controller_spec.rb": [
        1,
        null,
        1,
        null,
        1,
        1,
        1,
        0,
        null,
        null,
        null,
        null
      ],
      "/Users/LaurentBo/Documents/Makers Challenges/Week11/ensemble/spec/rails_helper.rb": [
        1,
        1,
        1,
        1,
        1,
        1,
        1,
        1,
        1,
        null,
        1,
        null,
        1,
        1,
        1,
        1,
        null,
        null,
        1,
        14,
        null,
        null,
        1,
        14,
        null,
        1,
        null,
        1,
        null,
        1,
        null,
        1,
        null
      ],
      "/Users/LaurentBo/Documents/Makers Challenges/Week11/ensemble/config/environment.rb": [
        null,
        1,
        null,
        null,
        1
      ],
      "/Users/LaurentBo/Documents/Makers Challenges/Week11/ensemble/config/application.rb": [
        1,
        null,
        1,
        null,
        null,
        null,
        1,
        null,
        1,
        1,
        null,
        null,
        null,
        null,
        null
      ],
      "/Users/LaurentBo/Documents/Makers Challenges/Week11/ensemble/config/boot.rb": [
        1,
        null,
        1
      ],
      "/Users/LaurentBo/Documents/Makers Challenges/Week11/ensemble/config/spring.rb": [
        null,
        null,
        null,
        null,
        null,
        5
      ],
      "/Users/LaurentBo/Documents/Makers Challenges/Week11/ensemble/config/environments/test.rb": [
        1,
        null,
        null,
        null,
        null,
        null,
        null,
        1,
        null,
        null,
        null,
        null,
        1,
        null,
        null,
        1,
        1,
        null,
        null,
        null,
        null,
        1,
        1,
        null,
        null,
        1,
        null,
        null,
        1,
        1,
        null,
        null,
        null,
        null,
        1,
        null,
        null,
        1,
        null,
        null,
        null,
        null
      ],
      "/Users/LaurentBo/Documents/Makers Challenges/Week11/ensemble/config/initializers/application_controller_renderer.rb": [
        null,
        null,
        null,
        null,
        null,
        null
      ],
      "/Users/LaurentBo/Documents/Makers Challenges/Week11/ensemble/config/initializers/assets.rb": [
        null,
        null,
        null,
        1,
        null,
        null,
        null,
        null,
        null,
        null,
        null
      ],
      "/Users/LaurentBo/Documents/Makers Challenges/Week11/ensemble/config/initializers/backtrace_silencers.rb": [
        null,
        null,
        null,
        null,
        null,
        null,
        null
      ],
      "/Users/LaurentBo/Documents/Makers Challenges/Week11/ensemble/config/initializers/carrierwave.rb": [
        1,
        1,
        null,
        null,
        null,
        null,
        null,
        1,
        null
      ],
      "/Users/LaurentBo/Documents/Makers Challenges/Week11/ensemble/config/initializers/cookies_serializer.rb": [
        null,
        null,
        null,
        null,
        1
      ],
      "/Users/LaurentBo/Documents/Makers Challenges/Week11/ensemble/config/initializers/devise.rb": [
        null,
        null,
        1,
        null,
        null,
        null,
        null,
        null,
        null,
        null,
        null,
        null,
        null,
        null,
        1,
        1,
        null,
        null,
        null,
        null,
        null,
        null,
        null,
        null,
        null,
        null,
        null,
        null,
        null,
        null,
        1,
        null,
        null,
        null,
        null,
        null,
        null,
        null,
        null,
        null,
        null,
        null,
        null,
        null,
        null,
        null,
        null,
        null,
        null,
        null,
        null,
        null,
        1,
        null,
        null,
        null,
        null,
        1,
        null,
        null,
        null,
        null,
        null,
        null,
        null,
        null,
        null,
        null,
        null,
        null,
        null,
        null,
        null,
        null,
        null,
        null,
        null,
        null,
        null,
        null,
        null,
        null,
        null,
        null,
        null,
        null,
        null,
        null,
        1,
        null,
        null,
        null,
        null,
        null,
        null,
        null,
        null,
        null,
        null,
        null,
        null,
        null,
        null,
        null,
        null,
        null,
        null,
        null,
        null,
        null,
        null,
        1,
        null,
        null,
        null,
        null,
        null,
        null,
        null,
        null,
        null,
        null,
        null,
        null,
        null,
        null,
        null,
        null,
        null,
        null,
        null,
        null,
        null,
        null,
        null,
        null,
        null,
        null,
        null,
        1,
        null,
        null,
        null,
        null,
        null,
        null,
        null,
        null,
        null,
        1,
        null,
        null,
        null,
        null,
        null,
        null,
        null,
        null,
        null,
        null,
        1,
        null,
        null,
        null,
        null,
        1,
        null,
        null,
        null,
        null,
        null,
        null,
        null,
        null,
        null,
        null,
        null,
        null,
        null,
        null,
        null,
        null,
        null,
        null,
        null,
        null,
        null,
        null,
        null,
        null,
        null,
        null,
        null,
        null,
        null,
        null,
        null,
        null,
        null,
        null,
        null,
        null,
        null,
        null,
        null,
        null,
        1,
        null,
        null,
        null,
        null,
        null,
        null,
        null,
        null,
        null,
        null,
        null,
        null,
        null,
        null,
        null,
        null,
        null,
        null,
        null,
        null,
        null,
        null,
        null,
        null,
        null,
        null,
        null,
        null,
        null,
        null,
        null,
        null,
        null,
        null,
        null,
        null,
        null,
        null,
        null,
        null,
        null,
        1,
        null,
        null,
        null,
        null,
        null,
        null,
        null,
        null,
        null,
        null,
        null,
        null,
        null,
        null,
        null,
        null,
        null,
        null,
        null,
        null,
        null,
        null,
        null,
        null,
        null,
        null,
        null,
        null,
        null,
        null
      ],
      "/Users/LaurentBo/Documents/Makers Challenges/Week11/ensemble/config/initializers/filter_parameter_logging.rb": [
        null,
        null,
        null,
        1
      ],
      "/Users/LaurentBo/Documents/Makers Challenges/Week11/ensemble/config/initializers/inflections.rb": [
        null,
        null,
        null,
        null,
        null,
        null,
        null,
        null,
        null,
        null,
        null,
        null,
        null,
        null,
        null,
        null
      ],
      "/Users/LaurentBo/Documents/Makers Challenges/Week11/ensemble/config/initializers/mime_types.rb": [
        null,
        null,
        null,
        null
      ],
      "/Users/LaurentBo/Documents/Makers Challenges/Week11/ensemble/config/initializers/new_framework_defaults.rb": [
        null,
        null,
        null,
        null,
        null,
        null,
        null,
        1,
        null,
        null,
        1,
        null,
        null,
        null,
        1,
        null,
        null,
        1,
        null,
        null,
        1,
        null,
        null,
        1
      ],
      "/Users/LaurentBo/Documents/Makers Challenges/Week11/ensemble/config/initializers/session_store.rb": [
        null,
        null,
        1
      ],
      "/Users/LaurentBo/Documents/Makers Challenges/Week11/ensemble/config/initializers/simple_form.rb": [
        null,
        1,
        null,
        null,
        null,
        null,
        null,
        1,
        null,
        null,
        null,
        null,
        null,
        null,
        null,
        null,
        null,
        1,
        null,
        null,
        null,
        1,
        null,
        null,
        null,
        null,
        null,
        null,
        null,
        null,
        1,
        null,
        null,
        1,
        null,
        null,
        1,
        null,
        null,
        1,
        null,
        null,
        1,
        1,
        1,
        null,
        null,
        null,
        null,
        null,
        null,
        null,
        null,
        null,
        1,
        null,
        null,
        null,
        null,
        null,
        1,
        null,
        null,
        1,
        null,
        null,
        null,
        null,
        null,
        null,
        null,
        1,
        null,
        null,
        1,
        null,
        null,
        null,
        null,
        null,
        null,
        null,
        null,
        null,
        null,
        null,
        null,
        null,
        null,
        null,
        null,
        null,
        null,
        null,
        null,
        null,
        null,
        null,
        null,
        null,
        null,
        null,
        null,
        null,
        null,
        null,
        null,
        null,
        null,
        null,
        null,
        null,
        null,
        null,
        null,
        null,
        null,
        null,
        null,
        1,
        null,
        null,
        null,
        null,
        null,
        null,
        null,
        null,
        null,
        null,
        null,
        null,
        null,
        null,
        null,
        null,
        null,
        null,
        null,
        null,
        null,
        null,
        null,
        null,
        null,
        null,
        null,
        null,
        null,
        null,
        null,
        null,
        null,
        null,
        null,
        null,
        1,
        null,
        null,
        null,
        null,
        null,
        null,
        null,
        null
      ],
      "/Users/LaurentBo/Documents/Makers Challenges/Week11/ensemble/config/initializers/wrap_parameters.rb": [
        null,
        null,
        null,
        null,
        null,
        null,
        1,
        2,
        null,
        null,
        null,
        null,
        null,
        null
      ],
      "/Users/LaurentBo/Documents/Makers Challenges/Week11/ensemble/spec/factories/factories.rb": [
        1,
        1,
        1,
        1,
        1,
        null,
        null
      ],
      "/Users/LaurentBo/Documents/Makers Challenges/Week11/ensemble/spec/factories/tracks.rb": [
        1,
        1,
        1,
        1,
        null,
        null
      ],
      "/Users/LaurentBo/Documents/Makers Challenges/Week11/ensemble/spec/factories/users.rb": [
        1,
        1,
        null,
        null,
        null
      ],
      "/Users/LaurentBo/Documents/Makers Challenges/Week11/ensemble/config/routes.rb": [
        1,
        null,
        1,
        null,
        1,
        null,
        1,
        1,
        null,
        null,
        1,
        null,
        null,
        1,
        null,
        null
      ],
      "/Users/LaurentBo/Documents/Makers Challenges/Week11/ensemble/app/models/user.rb": [
        1,
        null,
        null,
        1,
        null,
        null,
        null,
        1,
        1,
        1,
        1,
        1,
        1,
        null,
        null,
        null,
        null,
        null,
        1,
        5,
        5,
        0,
        null,
        null,
        null,
        null
      ],
      "/Users/LaurentBo/Documents/Makers Challenges/Week11/ensemble/app/models/application_record.rb": [
        1,
        1,
        null
      ],
      "/Users/LaurentBo/Documents/Makers Challenges/Week11/ensemble/app/helpers/application_helper.rb": [
        1,
        null
      ],
      "/Users/LaurentBo/Documents/Makers Challenges/Week11/ensemble/app/helpers/ensemble_helper.rb": [
        1,
        null
      ],
      "/Users/LaurentBo/Documents/Makers Challenges/Week11/ensemble/app/helpers/projects_helper.rb": [
        1,
        null
      ],
      "/Users/LaurentBo/Documents/Makers Challenges/Week11/ensemble/app/helpers/tracks_helper.rb": [
        1,
        null
      ],
      "/Users/LaurentBo/Documents/Makers Challenges/Week11/ensemble/spec/web_helpers.rb": [
        null,
        null,
        null,
        1,
        2,
        2,
        2,
        2,
        2,
        null,
        null,
        1,
        1,
        1,
        1,
        1,
        null,
        null,
        1,
        1,
        null,
        null,
        1,
        null,
        null,
        0,
        0,
        null,
        null,
        null,
        null,
        null,
        null,
        null,
        null,
        null,
        null,
        null,
        null,
        0,
        null
      ],
      "/Users/LaurentBo/Documents/Makers Challenges/Week11/ensemble/spec/support/factory_girl.rb": [
        1,
        1,
        null
      ],
      "/Users/LaurentBo/Documents/Makers Challenges/Week11/ensemble/app/controllers/ensemble_controller.rb": [
        1,
        1,
        null,
        null
      ],
      "/Users/LaurentBo/Documents/Makers Challenges/Week11/ensemble/app/controllers/application_controller.rb": [
        1,
        1,
        1,
        null
      ],
      "/Users/LaurentBo/Documents/Makers Challenges/Week11/ensemble/spec/controllers/projects_controller_spec.rb": [
        1,
        null,
        1,
        null,
        1,
        1,
        1,
        0,
        null,
        null,
        null,
        1,
        1,
        1,
        1,
        1,
        null,
        0,
        0,
        null,
        null,
        1,
        2,
        null,
        null,
        null,
        null,
        null,
        null
      ],
      "/Users/LaurentBo/Documents/Makers Challenges/Week11/ensemble/app/controllers/projects_controller.rb": [
        1,
        1,
        1,
        0,
        null,
        null,
        1,
        0,
        0,
        0,
        null,
        0,
        null,
        0,
        null,
        null,
        1,
        0,
        null,
        null,
        1,
        0,
        null,
        null,
        1,
        null,
        1,
        0,
        null,
        null,
        null
      ],
      "/Users/LaurentBo/Documents/Makers Challenges/Week11/ensemble/spec/controllers/tracks_controller_spec.rb": [
        1,
        null,
        1,
        null,
        1,
        1,
        1,
        0,
        null,
        null,
        null,
        1,
        1,
        1,
        0,
        null,
        null,
        null,
        null
      ],
      "/Users/LaurentBo/Documents/Makers Challenges/Week11/ensemble/app/controllers/tracks_controller.rb": [
        1,
        null,
        1,
        null,
        1,
        0,
        null,
        0,
        0,
        null,
        0,
        null,
        0,
        null,
        null,
        1,
        null,
        null,
        null,
        null,
        1,
        null,
        1,
        0,
        null,
        null,
        1,
        0,
        null,
        null
      ],
      "/Users/LaurentBo/Documents/Makers Challenges/Week11/ensemble/spec/features/create_new_project_page_spec.rb": [
        1,
        null,
        1,
        1,
        1,
        null,
        1,
        null,
        null,
        1,
        1,
        null,
        1,
        0,
        0,
        0,
        null,
        null,
        1,
        1,
        null,
        1,
        0,
        0,
        0,
        null,
        0,
        null,
        null
      ],
      "/Users/LaurentBo/Documents/Makers Challenges/Week11/ensemble/spec/features/upload_spec.rb": [
        1,
        1,
        null,
        1,
        null,
        1,
        1,
        1,
        0,
        0,
        0,
        0,
        null,
        null,
        null
      ],
      "/Users/LaurentBo/Documents/Makers Challenges/Week11/ensemble/spec/features/user_spec.rb": [
        1,
        null,
        1,
        null,
        null,
        1,
        null,
        1,
        1,
        1,
        null,
        1,
        1,
        1,
        1,
        1,
        null,
        null,
        1,
        1,
        1,
        1,
        0,
        null,
        0,
        null,
        1,
        0,
        null,
        null,
        null,
        null
      ],
      "/Users/LaurentBo/Documents/Makers Challenges/Week11/ensemble/spec/helpers/ensemble_helper_spec.rb": [
        null,
        null,
        null,
        null,
        null,
        null,
        null,
        null,
        null,
        null,
        null,
        null,
        null,
        null,
        null
      ],
      "/Users/LaurentBo/Documents/Makers Challenges/Week11/ensemble/spec/helpers/projects_helper_spec.rb": [
        null,
        null,
        null,
        null,
        null,
        null,
        null,
        null,
        null,
        null,
        null,
        null,
        null,
        null,
        null
      ],
      "/Users/LaurentBo/Documents/Makers Challenges/Week11/ensemble/spec/helpers/tracks_helper_spec.rb": [
        1,
        null,
        null,
        null,
        null,
        null,
        null,
        null,
        null,
        null,
        null,
        null,
        1,
        1,
        null
      ],
      "/Users/LaurentBo/Documents/Makers Challenges/Week11/ensemble/spec/models/project_spec.rb": [
        null,
        null,
        null,
        null,
        null
      ],
      "/Users/LaurentBo/Documents/Makers Challenges/Week11/ensemble/spec/models/track_spec.rb": [
        1,
        null,
        1,
        1,
        null
      ],
      "/Users/LaurentBo/Documents/Makers Challenges/Week11/ensemble/app/models/track.rb": [
        1,
        1,
        1,
        1,
        null
      ],
      "/Users/LaurentBo/Documents/Makers Challenges/Week11/ensemble/app/uploaders/avatar_uploader.rb": [
        null,
        null,
        null,
        1,
        null,
        null,
        null,
        null,
        null,
        null,
        1,
        null,
        null,
        null,
        null,
        null,
        null,
        null,
        null,
        null,
        null,
        null,
        null,
        null,
        null,
        null,
        null,
        null,
        null,
        null,
        null,
        null,
        null,
        null,
        null,
        null,
        null,
        null,
        null,
        null,
        null,
        null,
        null,
        null,
        null,
        null,
        null,
        null,
        null,
        null,
        null,
        null
      ],
      "/Users/LaurentBo/Documents/Makers Challenges/Week11/ensemble/spec/models/upload_spec.rb": [
        null,
        1,
        1,
        null,
        1,
        1,
        null,
        1,
        1,
        null,
        1,
        1,
        0,
        null,
        null,
        1,
        1,
        0,
        null,
        null,
        1,
        1,
        0,
        null,
        null,
        null
      ],
      "/Users/LaurentBo/Documents/Makers Challenges/Week11/ensemble/app/models/project.rb": [
        1,
        1,
        1,
        null
      ],
      "/Users/LaurentBo/Documents/Makers Challenges/Week11/ensemble/spec/models/user_spec.rb": [
        1,
        1,
        1,
        null,
        1,
        0,
        0,
        null,
        null,
        null,
        null,
        null,
        null,
        null,
        null,
        null,
        null,
        null,
        null,
        null,
        null,
        null,
        null,
        null,
        null,
        null,
        null,
        null,
        null,
        null,
        null,
        null,
        null,
        null,
        null,
        null,
        null,
        null,
        null,
        null,
        null,
        null,
        null,
        null,
        null,
        null,
        null,
        null,
        null
      ],
      "/Users/LaurentBo/Documents/Makers Challenges/Week11/ensemble/spec/views/ensemble/index.html.erb_spec.rb": [
        null,
        null,
        null,
        null,
        null
      ],
      "/Users/LaurentBo/Documents/Makers Challenges/Week11/ensemble/spec/views/tracks/delete.html.erb_spec.rb": [
        1,
        null,
        1,
        1,
        null
      ],
      "/Users/LaurentBo/Documents/Makers Challenges/Week11/ensemble/spec/views/tracks/upload.html.erb_spec.rb": [
        1,
        null,
        1,
        1,
        null
      ],
      "/Users/LaurentBo/Documents/Makers Challenges/Week11/ensemble/app/controllers/users/omniauth_callbacks_controller.rb": [
        1,
        null,
        1,
        null,
        1,
        null,
        1,
        0,
        0,
        null,
        1,
        1,
        null,
        null,
        null,
        1,
        0,
        null,
        null
      ]
    },
    "timestamp": 1481126770
  }
}
